[0.083s] DEBUG:colcon:Command line arguments: ['/usr/bin/colcon', 'build']
[0.083s] DEBUG:colcon:Parsed command line arguments: Namespace(log_base=None, log_level=None, verb_name='build', build_base='build', install_base='install', merge_install=False, symlink_install=False, test_result_base=None, continue_on_error=False, executor='parallel', parallel_workers=8, event_handlers=None, ignore_user_meta=False, metas=['./colcon.meta'], base_paths=['.'], packages_ignore=None, packages_ignore_regex=None, paths=None, packages_up_to=None, packages_up_to_regex=None, packages_above=None, packages_above_and_dependencies=None, packages_above_depth=None, packages_select_by_dep=None, packages_skip_by_dep=None, packages_skip_up_to=None, packages_select_build_failed=False, packages_skip_build_finished=False, packages_select_test_failures=False, packages_skip_test_passed=False, packages_select=None, packages_skip=None, packages_select_regex=None, packages_skip_regex=None, packages_start=None, packages_end=None, allow_overriding=[], cmake_args=None, cmake_target=None, cmake_target_skip_unavailable=False, cmake_clean_cache=False, cmake_clean_first=False, cmake_force_configure=False, ament_cmake_args=None, catkin_cmake_args=None, catkin_skip_building_tests=False, mixin_files=None, mixin=None, verb_parser=<colcon_mixin.mixin.mixin_argument.MixinArgumentDecorator object at 0x795e19b57340>, verb_extension=<colcon_core.verb.build.BuildVerb object at 0x795e19b56c80>, main=<bound method BuildVerb.main of <colcon_core.verb.build.BuildVerb object at 0x795e19b56c80>>, mixin_verb=('build',))
[0.236s] Level 1:colcon.colcon_core.package_discovery:discover_packages(colcon_meta) check parameters
[0.236s] Level 1:colcon.colcon_core.package_discovery:discover_packages(recursive) check parameters
[0.236s] Level 1:colcon.colcon_core.package_discovery:discover_packages(ignore) check parameters
[0.236s] Level 1:colcon.colcon_core.package_discovery:discover_packages(path) check parameters
[0.236s] Level 1:colcon.colcon_core.package_discovery:discover_packages(colcon_meta) discover
[0.236s] Level 1:colcon.colcon_core.package_discovery:discover_packages(recursive) discover
[0.237s] INFO:colcon.colcon_core.package_discovery:Crawling recursively for packages in '/home/jaeho/sw_projects/my_ros2_ws/src/turtlebot4_factory_inspection'
[0.237s] Level 1:colcon.colcon_core.package_identification:_identify(.) by extensions ['ignore', 'ignore_ament_install']
[0.237s] Level 1:colcon.colcon_core.package_identification:_identify(.) by extension 'ignore'
[0.237s] Level 1:colcon.colcon_core.package_identification:_identify(.) by extension 'ignore_ament_install'
[0.237s] Level 1:colcon.colcon_core.package_identification:_identify(.) by extensions ['colcon_pkg']
[0.237s] Level 1:colcon.colcon_core.package_identification:_identify(.) by extension 'colcon_pkg'
[0.237s] Level 1:colcon.colcon_core.package_identification:_identify(.) by extensions ['colcon_meta']
[0.237s] Level 1:colcon.colcon_core.package_identification:_identify(.) by extension 'colcon_meta'
[0.237s] Level 1:colcon.colcon_core.package_identification:_identify(.) by extensions ['ros']
[0.237s] Level 1:colcon.colcon_core.package_identification:_identify(.) by extension 'ros'
[0.255s] DEBUG:colcon.colcon_core.package_identification:Package '.' with type 'ros.ament_cmake' and name 'turtlebot4_factory_inspection'
[0.255s] Level 1:colcon.colcon_core.package_discovery:discover_packages(recursive) using defaults
[0.255s] Level 1:colcon.colcon_core.package_discovery:discover_packages(ignore) discover
[0.255s] Level 1:colcon.colcon_core.package_discovery:discover_packages(ignore) using defaults
[0.255s] Level 1:colcon.colcon_core.package_discovery:discover_packages(path) discover
[0.255s] Level 1:colcon.colcon_core.package_discovery:discover_packages(path) using defaults
[0.271s] Level 1:colcon.colcon_core.package_discovery:discover_packages(prefix_path) check parameters
[0.271s] Level 1:colcon.colcon_core.package_discovery:discover_packages(prefix_path) discover
[0.273s] DEBUG:colcon.colcon_installed_package_information.package_discovery:Found 1 installed packages in /home/jaeho/sw_projects/my_ros2_ws/src/turtlebot4_factory_inspection/install
[0.273s] DEBUG:colcon.colcon_installed_package_information.package_discovery:Found 0 installed packages in /home/jaeho/robot_ws/install
[0.274s] DEBUG:colcon.colcon_installed_package_information.package_discovery:Found 421 installed packages in /opt/ros/humble
[0.276s] Level 1:colcon.colcon_core.package_discovery:discover_packages(prefix_path) using defaults
[0.316s] Level 5:colcon.colcon_core.verb:set package 'turtlebot4_factory_inspection' build argument 'cmake_args' from command line to 'None'
[0.316s] Level 5:colcon.colcon_core.verb:set package 'turtlebot4_factory_inspection' build argument 'cmake_target' from command line to 'None'
[0.316s] Level 5:colcon.colcon_core.verb:set package 'turtlebot4_factory_inspection' build argument 'cmake_target_skip_unavailable' from command line to 'False'
[0.316s] Level 5:colcon.colcon_core.verb:set package 'turtlebot4_factory_inspection' build argument 'cmake_clean_cache' from command line to 'False'
[0.316s] Level 5:colcon.colcon_core.verb:set package 'turtlebot4_factory_inspection' build argument 'cmake_clean_first' from command line to 'False'
[0.316s] Level 5:colcon.colcon_core.verb:set package 'turtlebot4_factory_inspection' build argument 'cmake_force_configure' from command line to 'False'
[0.316s] Level 5:colcon.colcon_core.verb:set package 'turtlebot4_factory_inspection' build argument 'ament_cmake_args' from command line to 'None'
[0.316s] Level 5:colcon.colcon_core.verb:set package 'turtlebot4_factory_inspection' build argument 'catkin_cmake_args' from command line to 'None'
[0.316s] Level 5:colcon.colcon_core.verb:set package 'turtlebot4_factory_inspection' build argument 'catkin_skip_building_tests' from command line to 'False'
[0.316s] DEBUG:colcon.colcon_core.verb:Building package 'turtlebot4_factory_inspection' with the following arguments: {'ament_cmake_args': None, 'build_base': '/home/jaeho/sw_projects/my_ros2_ws/src/turtlebot4_factory_inspection/build/turtlebot4_factory_inspection', 'catkin_cmake_args': None, 'catkin_skip_building_tests': False, 'cmake_args': None, 'cmake_clean_cache': False, 'cmake_clean_first': False, 'cmake_force_configure': False, 'cmake_target': None, 'cmake_target_skip_unavailable': False, 'install_base': '/home/jaeho/sw_projects/my_ros2_ws/src/turtlebot4_factory_inspection/install/turtlebot4_factory_inspection', 'merge_install': False, 'path': '/home/jaeho/sw_projects/my_ros2_ws/src/turtlebot4_factory_inspection', 'symlink_install': False, 'test_result_base': None}
[0.316s] INFO:colcon.colcon_core.executor:Executing jobs using 'parallel' executor
[0.317s] DEBUG:colcon.colcon_parallel_executor.executor.parallel:run_until_complete
[0.318s] INFO:colcon.colcon_ros.task.ament_cmake.build:Building ROS package in '/home/jaeho/sw_projects/my_ros2_ws/src/turtlebot4_factory_inspection' with build type 'ament_cmake'
[0.318s] INFO:colcon.colcon_cmake.task.cmake.build:Building CMake package in '/home/jaeho/sw_projects/my_ros2_ws/src/turtlebot4_factory_inspection'
[0.320s] INFO:colcon.colcon_core.plugin_system:Skipping extension 'colcon_core.shell.bat': Not used on non-Windows systems
[0.320s] INFO:colcon.colcon_core.shell:Skip shell extension 'powershell' for command environment: Not usable outside of PowerShell
[0.320s] DEBUG:colcon.colcon_core.shell:Skip shell extension 'dsv' for command environment
[0.328s] DEBUG:colcon.colcon_core.event_handler.log_command:Invoking command in '/home/jaeho/sw_projects/my_ros2_ws/src/turtlebot4_factory_inspection/build/turtlebot4_factory_inspection': CMAKE_PREFIX_PATH=${CMAKE_PREFIX_PATH}:/opt/ros/humble /usr/bin/cmake --build /home/jaeho/sw_projects/my_ros2_ws/src/turtlebot4_factory_inspection/build/turtlebot4_factory_inspection -- -j8 -l8
[3.959s] DEBUG:colcon.colcon_core.event_handler.log_command:Invoked command in '/home/jaeho/sw_projects/my_ros2_ws/src/turtlebot4_factory_inspection/build/turtlebot4_factory_inspection' returned '0': CMAKE_PREFIX_PATH=${CMAKE_PREFIX_PATH}:/opt/ros/humble /usr/bin/cmake --build /home/jaeho/sw_projects/my_ros2_ws/src/turtlebot4_factory_inspection/build/turtlebot4_factory_inspection -- -j8 -l8
[3.967s] DEBUG:colcon.colcon_core.event_handler.log_command:Invoking command in '/home/jaeho/sw_projects/my_ros2_ws/src/turtlebot4_factory_inspection/build/turtlebot4_factory_inspection': CMAKE_PREFIX_PATH=${CMAKE_PREFIX_PATH}:/opt/ros/humble /usr/bin/cmake --install /home/jaeho/sw_projects/my_ros2_ws/src/turtlebot4_factory_inspection/build/turtlebot4_factory_inspection
[3.976s] Level 1:colcon.colcon_core.environment:create_environment_scripts_only(turtlebot4_factory_inspection)
[3.977s] DEBUG:colcon.colcon_core.event_handler.log_command:Invoked command in '/home/jaeho/sw_projects/my_ros2_ws/src/turtlebot4_factory_inspection/build/turtlebot4_factory_inspection' returned '0': CMAKE_PREFIX_PATH=${CMAKE_PREFIX_PATH}:/opt/ros/humble /usr/bin/cmake --install /home/jaeho/sw_projects/my_ros2_ws/src/turtlebot4_factory_inspection/build/turtlebot4_factory_inspection
[3.978s] Level 1:colcon.colcon_core.environment:checking '/home/jaeho/sw_projects/my_ros2_ws/src/turtlebot4_factory_inspection/install/turtlebot4_factory_inspection' for CMake module files
[3.978s] Level 1:colcon.colcon_core.environment:checking '/home/jaeho/sw_projects/my_ros2_ws/src/turtlebot4_factory_inspection/install/turtlebot4_factory_inspection' for CMake config files
[3.978s] Level 1:colcon.colcon_core.shell:create_environment_hook('turtlebot4_factory_inspection', 'cmake_prefix_path')
[3.979s] INFO:colcon.colcon_core.shell:Creating environment hook '/home/jaeho/sw_projects/my_ros2_ws/src/turtlebot4_factory_inspection/install/turtlebot4_factory_inspection/share/turtlebot4_factory_inspection/hook/cmake_prefix_path.ps1'
[3.979s] INFO:colcon.colcon_core.shell:Creating environment descriptor '/home/jaeho/sw_projects/my_ros2_ws/src/turtlebot4_factory_inspection/install/turtlebot4_factory_inspection/share/turtlebot4_factory_inspection/hook/cmake_prefix_path.dsv'
[3.980s] INFO:colcon.colcon_core.shell:Creating environment hook '/home/jaeho/sw_projects/my_ros2_ws/src/turtlebot4_factory_inspection/install/turtlebot4_factory_inspection/share/turtlebot4_factory_inspection/hook/cmake_prefix_path.sh'
[3.980s] Level 1:colcon.colcon_core.environment:checking '/home/jaeho/sw_projects/my_ros2_ws/src/turtlebot4_factory_inspection/install/turtlebot4_factory_inspection/lib'
[3.980s] Level 1:colcon.colcon_core.environment:checking '/home/jaeho/sw_projects/my_ros2_ws/src/turtlebot4_factory_inspection/install/turtlebot4_factory_inspection/bin'
[3.980s] Level 1:colcon.colcon_core.environment:checking '/home/jaeho/sw_projects/my_ros2_ws/src/turtlebot4_factory_inspection/install/turtlebot4_factory_inspection/lib/pkgconfig/turtlebot4_factory_inspection.pc'
[3.981s] Level 1:colcon.colcon_core.environment:checking '/home/jaeho/sw_projects/my_ros2_ws/src/turtlebot4_factory_inspection/install/turtlebot4_factory_inspection/lib/python3.10/site-packages'
[3.981s] Level 1:colcon.colcon_core.environment:checking '/home/jaeho/sw_projects/my_ros2_ws/src/turtlebot4_factory_inspection/install/turtlebot4_factory_inspection/bin'
[3.981s] INFO:colcon.colcon_core.shell:Creating package script '/home/jaeho/sw_projects/my_ros2_ws/src/turtlebot4_factory_inspection/install/turtlebot4_factory_inspection/share/turtlebot4_factory_inspection/package.ps1'
[3.981s] INFO:colcon.colcon_core.shell:Creating package descriptor '/home/jaeho/sw_projects/my_ros2_ws/src/turtlebot4_factory_inspection/install/turtlebot4_factory_inspection/share/turtlebot4_factory_inspection/package.dsv'
[3.982s] INFO:colcon.colcon_core.shell:Creating package script '/home/jaeho/sw_projects/my_ros2_ws/src/turtlebot4_factory_inspection/install/turtlebot4_factory_inspection/share/turtlebot4_factory_inspection/package.sh'
[3.982s] INFO:colcon.colcon_core.shell:Creating package script '/home/jaeho/sw_projects/my_ros2_ws/src/turtlebot4_factory_inspection/install/turtlebot4_factory_inspection/share/turtlebot4_factory_inspection/package.bash'
[3.983s] INFO:colcon.colcon_core.shell:Creating package script '/home/jaeho/sw_projects/my_ros2_ws/src/turtlebot4_factory_inspection/install/turtlebot4_factory_inspection/share/turtlebot4_factory_inspection/package.zsh'
[3.984s] Level 1:colcon.colcon_core.environment:create_file_with_runtime_dependencies(/home/jaeho/sw_projects/my_ros2_ws/src/turtlebot4_factory_inspection/install/turtlebot4_factory_inspection/share/colcon-core/packages/turtlebot4_factory_inspection)
[3.985s] Level 1:colcon.colcon_core.environment:create_environment_scripts_only(turtlebot4_factory_inspection)
[3.985s] Level 1:colcon.colcon_core.environment:checking '/home/jaeho/sw_projects/my_ros2_ws/src/turtlebot4_factory_inspection/install/turtlebot4_factory_inspection' for CMake module files
[3.985s] Level 1:colcon.colcon_core.environment:checking '/home/jaeho/sw_projects/my_ros2_ws/src/turtlebot4_factory_inspection/install/turtlebot4_factory_inspection' for CMake config files
[3.985s] Level 1:colcon.colcon_core.shell:create_environment_hook('turtlebot4_factory_inspection', 'cmake_prefix_path')
[3.986s] INFO:colcon.colcon_core.shell:Creating environment hook '/home/jaeho/sw_projects/my_ros2_ws/src/turtlebot4_factory_inspection/install/turtlebot4_factory_inspection/share/turtlebot4_factory_inspection/hook/cmake_prefix_path.ps1'
[3.986s] INFO:colcon.colcon_core.shell:Creating environment descriptor '/home/jaeho/sw_projects/my_ros2_ws/src/turtlebot4_factory_inspection/install/turtlebot4_factory_inspection/share/turtlebot4_factory_inspection/hook/cmake_prefix_path.dsv'
[3.986s] INFO:colcon.colcon_core.shell:Creating environment hook '/home/jaeho/sw_projects/my_ros2_ws/src/turtlebot4_factory_inspection/install/turtlebot4_factory_inspection/share/turtlebot4_factory_inspection/hook/cmake_prefix_path.sh'
[3.987s] Level 1:colcon.colcon_core.environment:checking '/home/jaeho/sw_projects/my_ros2_ws/src/turtlebot4_factory_inspection/install/turtlebot4_factory_inspection/lib'
[3.987s] Level 1:colcon.colcon_core.environment:checking '/home/jaeho/sw_projects/my_ros2_ws/src/turtlebot4_factory_inspection/install/turtlebot4_factory_inspection/bin'
[3.987s] Level 1:colcon.colcon_core.environment:checking '/home/jaeho/sw_projects/my_ros2_ws/src/turtlebot4_factory_inspection/install/turtlebot4_factory_inspection/lib/pkgconfig/turtlebot4_factory_inspection.pc'
[3.987s] Level 1:colcon.colcon_core.environment:checking '/home/jaeho/sw_projects/my_ros2_ws/src/turtlebot4_factory_inspection/install/turtlebot4_factory_inspection/lib/python3.10/site-packages'
[3.987s] Level 1:colcon.colcon_core.environment:checking '/home/jaeho/sw_projects/my_ros2_ws/src/turtlebot4_factory_inspection/install/turtlebot4_factory_inspection/bin'
[3.987s] INFO:colcon.colcon_core.shell:Creating package script '/home/jaeho/sw_projects/my_ros2_ws/src/turtlebot4_factory_inspection/install/turtlebot4_factory_inspection/share/turtlebot4_factory_inspection/package.ps1'
[3.988s] INFO:colcon.colcon_core.shell:Creating package descriptor '/home/jaeho/sw_projects/my_ros2_ws/src/turtlebot4_factory_inspection/install/turtlebot4_factory_inspection/share/turtlebot4_factory_inspection/package.dsv'
[3.988s] INFO:colcon.colcon_core.shell:Creating package script '/home/jaeho/sw_projects/my_ros2_ws/src/turtlebot4_factory_inspection/install/turtlebot4_factory_inspection/share/turtlebot4_factory_inspection/package.sh'
[3.988s] INFO:colcon.colcon_core.shell:Creating package script '/home/jaeho/sw_projects/my_ros2_ws/src/turtlebot4_factory_inspection/install/turtlebot4_factory_inspection/share/turtlebot4_factory_inspection/package.bash'
[3.989s] INFO:colcon.colcon_core.shell:Creating package script '/home/jaeho/sw_projects/my_ros2_ws/src/turtlebot4_factory_inspection/install/turtlebot4_factory_inspection/share/turtlebot4_factory_inspection/package.zsh'
[3.989s] Level 1:colcon.colcon_core.environment:create_file_with_runtime_dependencies(/home/jaeho/sw_projects/my_ros2_ws/src/turtlebot4_factory_inspection/install/turtlebot4_factory_inspection/share/colcon-core/packages/turtlebot4_factory_inspection)
[3.989s] DEBUG:colcon.colcon_parallel_executor.executor.parallel:closing loop
[3.990s] DEBUG:colcon.colcon_parallel_executor.executor.parallel:loop closed
[3.990s] DEBUG:colcon.colcon_parallel_executor.executor.parallel:run_until_complete finished with '0'
[3.990s] DEBUG:colcon.colcon_core.event_reactor:joining thread
[3.994s] INFO:colcon.colcon_core.plugin_system:Skipping extension 'colcon_notification.desktop_notification.terminal_notifier': Not used on non-Darwin systems
[3.994s] INFO:colcon.colcon_core.plugin_system:Skipping extension 'colcon_notification.desktop_notification.win32': Not used on non-Windows systems
[3.994s] INFO:colcon.colcon_notification.desktop_notification:Sending desktop notification using 'notify2'
[4.003s] DEBUG:colcon.colcon_core.event_reactor:joined thread
[4.003s] INFO:colcon.colcon_core.shell:Creating prefix script '/home/jaeho/sw_projects/my_ros2_ws/src/turtlebot4_factory_inspection/install/local_setup.ps1'
[4.004s] INFO:colcon.colcon_core.shell:Creating prefix util module '/home/jaeho/sw_projects/my_ros2_ws/src/turtlebot4_factory_inspection/install/_local_setup_util_ps1.py'
[4.005s] INFO:colcon.colcon_core.shell:Creating prefix chain script '/home/jaeho/sw_projects/my_ros2_ws/src/turtlebot4_factory_inspection/install/setup.ps1'
[4.006s] INFO:colcon.colcon_core.shell:Creating prefix script '/home/jaeho/sw_projects/my_ros2_ws/src/turtlebot4_factory_inspection/install/local_setup.sh'
[4.006s] INFO:colcon.colcon_core.shell:Creating prefix util module '/home/jaeho/sw_projects/my_ros2_ws/src/turtlebot4_factory_inspection/install/_local_setup_util_sh.py'
[4.007s] INFO:colcon.colcon_core.shell:Creating prefix chain script '/home/jaeho/sw_projects/my_ros2_ws/src/turtlebot4_factory_inspection/install/setup.sh'
[4.008s] INFO:colcon.colcon_core.shell:Creating prefix script '/home/jaeho/sw_projects/my_ros2_ws/src/turtlebot4_factory_inspection/install/local_setup.bash'
[4.008s] INFO:colcon.colcon_core.shell:Creating prefix chain script '/home/jaeho/sw_projects/my_ros2_ws/src/turtlebot4_factory_inspection/install/setup.bash'
[4.009s] INFO:colcon.colcon_core.shell:Creating prefix script '/home/jaeho/sw_projects/my_ros2_ws/src/turtlebot4_factory_inspection/install/local_setup.zsh'
[4.009s] INFO:colcon.colcon_core.shell:Creating prefix chain script '/home/jaeho/sw_projects/my_ros2_ws/src/turtlebot4_factory_inspection/install/setup.zsh'
