[0.012s] Invoking command in '/home/jaeho/sw_projects/my_ros2_ws/src/turtlebot4_factory_inspection/build/turtlebot4_factory_inspection': CMAKE_PREFIX_PATH=${CMAKE_PREFIX_PATH}:/opt/ros/humble /usr/bin/cmake --build /home/jaeho/sw_projects/my_ros2_ws/src/turtlebot4_factory_inspection/build/turtlebot4_factory_inspection -- -j8 -l8
[0.070s] [35m[1mConsolidate compiler generated dependencies of target bt_runner[0m
[0.115s] [  7%] [32mBuilding CXX object CMakeFiles/bt_runner.dir/bt_nodes/MoveToTarget.cpp.o[0m
[5.015s] [ 14%] [32m[1mLinking CXX executable bt_runner[0m
[6.252s] [100%] Built target bt_runner
[6.263s] Invoked command in '/home/jaeho/sw_projects/my_ros2_ws/src/turtlebot4_factory_inspection/build/turtlebot4_factory_inspection' returned '0': CMAKE_PREFIX_PATH=${CMAKE_PREFIX_PATH}:/opt/ros/humble /usr/bin/cmake --build /home/jaeho/sw_projects/my_ros2_ws/src/turtlebot4_factory_inspection/build/turtlebot4_factory_inspection -- -j8 -l8
[6.271s] Invoking command in '/home/jaeho/sw_projects/my_ros2_ws/src/turtlebot4_factory_inspection/build/turtlebot4_factory_inspection': CMAKE_PREFIX_PATH=${CMAKE_PREFIX_PATH}:/opt/ros/humble /usr/bin/cmake --install /home/jaeho/sw_projects/my_ros2_ws/src/turtlebot4_factory_inspection/build/turtlebot4_factory_inspection
[6.277s] -- Install configuration: ""
[6.277s] -- Installing: /home/jaeho/sw_projects/my_ros2_ws/src/turtlebot4_factory_inspection/install/turtlebot4_factory_inspection/lib/turtlebot4_factory_inspection/bt_runner
[6.281s] -- Set runtime path of "/home/jaeho/sw_projects/my_ros2_ws/src/turtlebot4_factory_inspection/install/turtlebot4_factory_inspection/lib/turtlebot4_factory_inspection/bt_runner" to ""
[6.281s] -- Up-to-date: /home/jaeho/sw_projects/my_ros2_ws/src/turtlebot4_factory_inspection/install/turtlebot4_factory_inspection/include/
[6.281s] -- Up-to-date: /home/jaeho/sw_projects/my_ros2_ws/src/turtlebot4_factory_inspection/install/turtlebot4_factory_inspection/include//turtlebot4_factory_inspection
[6.281s] -- Up-to-date: /home/jaeho/sw_projects/my_ros2_ws/src/turtlebot4_factory_inspection/install/turtlebot4_factory_inspection/include//turtlebot4_factory_inspection/bt_nodes
[6.282s] -- Up-to-date: /home/jaeho/sw_projects/my_ros2_ws/src/turtlebot4_factory_inspection/install/turtlebot4_factory_inspection/include//turtlebot4_factory_inspection/bt_nodes/CheckIfSetupDone.hpp
[6.282s] -- Up-to-date: /home/jaeho/sw_projects/my_ros2_ws/src/turtlebot4_factory_inspection/install/turtlebot4_factory_inspection/include//turtlebot4_factory_inspection/bt_nodes/InitialSetup.hpp
[6.282s] -- Up-to-date: /home/jaeho/sw_projects/my_ros2_ws/src/turtlebot4_factory_inspection/install/turtlebot4_factory_inspection/include//turtlebot4_factory_inspection/bt_nodes/SetAngle.hpp
[6.282s] -- Up-to-date: /home/jaeho/sw_projects/my_ros2_ws/src/turtlebot4_factory_inspection/install/turtlebot4_factory_inspection/include//turtlebot4_factory_inspection/bt_nodes/TakePhoto.hpp
[6.282s] -- Up-to-date: /home/jaeho/sw_projects/my_ros2_ws/src/turtlebot4_factory_inspection/install/turtlebot4_factory_inspection/include//turtlebot4_factory_inspection/bt_nodes/IsArrivedAtTarget.hpp
[6.282s] -- Up-to-date: /home/jaeho/sw_projects/my_ros2_ws/src/turtlebot4_factory_inspection/install/turtlebot4_factory_inspection/include//turtlebot4_factory_inspection/bt_nodes/IsNomoreTask.hpp
[6.282s] -- Up-to-date: /home/jaeho/sw_projects/my_ros2_ws/src/turtlebot4_factory_inspection/install/turtlebot4_factory_inspection/include//turtlebot4_factory_inspection/bt_nodes/SkipTarget.hpp
[6.282s] -- Up-to-date: /home/jaeho/sw_projects/my_ros2_ws/src/turtlebot4_factory_inspection/install/turtlebot4_factory_inspection/include//turtlebot4_factory_inspection/bt_nodes/ReturnToBase.hpp
[6.282s] -- Up-to-date: /home/jaeho/sw_projects/my_ros2_ws/src/turtlebot4_factory_inspection/install/turtlebot4_factory_inspection/include//turtlebot4_factory_inspection/bt_nodes/MoveToTarget.hpp
[6.282s] -- Up-to-date: /home/jaeho/sw_projects/my_ros2_ws/src/turtlebot4_factory_inspection/install/turtlebot4_factory_inspection/include//turtlebot4_factory_inspection/bt_nodes/AdvanceIndex.hpp
[6.282s] -- Up-to-date: /home/jaeho/sw_projects/my_ros2_ws/src/turtlebot4_factory_inspection/install/turtlebot4_factory_inspection/include//turtlebot4_factory_inspection/bt_nodes/IsArrivedAtBase.hpp
[6.282s] -- Up-to-date: /home/jaeho/sw_projects/my_ros2_ws/src/turtlebot4_factory_inspection/install/turtlebot4_factory_inspection/include//turtlebot4_factory_inspection/utils
[6.282s] -- Up-to-date: /home/jaeho/sw_projects/my_ros2_ws/src/turtlebot4_factory_inspection/install/turtlebot4_factory_inspection/include//turtlebot4_factory_inspection/utils/load_waypoints.hpp
[6.282s] -- Up-to-date: /home/jaeho/sw_projects/my_ros2_ws/src/turtlebot4_factory_inspection/install/turtlebot4_factory_inspection/share/turtlebot4_factory_inspection/trees
[6.282s] -- Up-to-date: /home/jaeho/sw_projects/my_ros2_ws/src/turtlebot4_factory_inspection/install/turtlebot4_factory_inspection/share/turtlebot4_factory_inspection/trees/main_tree.xml
[6.283s] -- Up-to-date: /home/jaeho/sw_projects/my_ros2_ws/src/turtlebot4_factory_inspection/install/turtlebot4_factory_inspection/share/turtlebot4_factory_inspection/trees/test_tree.xml
[6.283s] -- Up-to-date: /home/jaeho/sw_projects/my_ros2_ws/src/turtlebot4_factory_inspection/install/turtlebot4_factory_inspection/share/turtlebot4_factory_inspection/trees/main_tree copy.xml
[6.283s] -- Up-to-date: /home/jaeho/sw_projects/my_ros2_ws/src/turtlebot4_factory_inspection/install/turtlebot4_factory_inspection/share/turtlebot4_factory_inspection/data
[6.283s] -- Up-to-date: /home/jaeho/sw_projects/my_ros2_ws/src/turtlebot4_factory_inspection/install/turtlebot4_factory_inspection/share/turtlebot4_factory_inspection/data/base_location.yaml
[6.283s] -- Up-to-date: /home/jaeho/sw_projects/my_ros2_ws/src/turtlebot4_factory_inspection/install/turtlebot4_factory_inspection/share/turtlebot4_factory_inspection/data/waypoints.yaml
[6.283s] -- Up-to-date: /home/jaeho/sw_projects/my_ros2_ws/src/turtlebot4_factory_inspection/install/turtlebot4_factory_inspection/share/ament_index/resource_index/package_run_dependencies/turtlebot4_factory_inspection
[6.283s] -- Up-to-date: /home/jaeho/sw_projects/my_ros2_ws/src/turtlebot4_factory_inspection/install/turtlebot4_factory_inspection/share/ament_index/resource_index/parent_prefix_path/turtlebot4_factory_inspection
[6.283s] -- Up-to-date: /home/jaeho/sw_projects/my_ros2_ws/src/turtlebot4_factory_inspection/install/turtlebot4_factory_inspection/share/turtlebot4_factory_inspection/environment/ament_prefix_path.sh
[6.283s] -- Up-to-date: /home/jaeho/sw_projects/my_ros2_ws/src/turtlebot4_factory_inspection/install/turtlebot4_factory_inspection/share/turtlebot4_factory_inspection/environment/ament_prefix_path.dsv
[6.283s] -- Up-to-date: /home/jaeho/sw_projects/my_ros2_ws/src/turtlebot4_factory_inspection/install/turtlebot4_factory_inspection/share/turtlebot4_factory_inspection/environment/path.sh
[6.283s] -- Up-to-date: /home/jaeho/sw_projects/my_ros2_ws/src/turtlebot4_factory_inspection/install/turtlebot4_factory_inspection/share/turtlebot4_factory_inspection/environment/path.dsv
[6.283s] -- Up-to-date: /home/jaeho/sw_projects/my_ros2_ws/src/turtlebot4_factory_inspection/install/turtlebot4_factory_inspection/share/turtlebot4_factory_inspection/local_setup.bash
[6.283s] -- Up-to-date: /home/jaeho/sw_projects/my_ros2_ws/src/turtlebot4_factory_inspection/install/turtlebot4_factory_inspection/share/turtlebot4_factory_inspection/local_setup.sh
[6.283s] -- Up-to-date: /home/jaeho/sw_projects/my_ros2_ws/src/turtlebot4_factory_inspection/install/turtlebot4_factory_inspection/share/turtlebot4_factory_inspection/local_setup.zsh
[6.283s] -- Up-to-date: /home/jaeho/sw_projects/my_ros2_ws/src/turtlebot4_factory_inspection/install/turtlebot4_factory_inspection/share/turtlebot4_factory_inspection/local_setup.dsv
[6.284s] -- Installing: /home/jaeho/sw_projects/my_ros2_ws/src/turtlebot4_factory_inspection/install/turtlebot4_factory_inspection/share/turtlebot4_factory_inspection/package.dsv
[6.284s] -- Up-to-date: /home/jaeho/sw_projects/my_ros2_ws/src/turtlebot4_factory_inspection/install/turtlebot4_factory_inspection/share/ament_index/resource_index/packages/turtlebot4_factory_inspection
[6.284s] -- Up-to-date: /home/jaeho/sw_projects/my_ros2_ws/src/turtlebot4_factory_inspection/install/turtlebot4_factory_inspection/share/turtlebot4_factory_inspection/cmake/ament_cmake_export_dependencies-extras.cmake
[6.284s] -- Up-to-date: /home/jaeho/sw_projects/my_ros2_ws/src/turtlebot4_factory_inspection/install/turtlebot4_factory_inspection/share/turtlebot4_factory_inspection/cmake/turtlebot4_factory_inspectionConfig.cmake
[6.284s] -- Up-to-date: /home/jaeho/sw_projects/my_ros2_ws/src/turtlebot4_factory_inspection/install/turtlebot4_factory_inspection/share/turtlebot4_factory_inspection/cmake/turtlebot4_factory_inspectionConfig-version.cmake
[6.284s] -- Up-to-date: /home/jaeho/sw_projects/my_ros2_ws/src/turtlebot4_factory_inspection/install/turtlebot4_factory_inspection/share/turtlebot4_factory_inspection/package.xml
[6.285s] Invoked command in '/home/jaeho/sw_projects/my_ros2_ws/src/turtlebot4_factory_inspection/build/turtlebot4_factory_inspection' returned '0': CMAKE_PREFIX_PATH=${CMAKE_PREFIX_PATH}:/opt/ros/humble /usr/bin/cmake --install /home/jaeho/sw_projects/my_ros2_ws/src/turtlebot4_factory_inspection/build/turtlebot4_factory_inspection
