[0.008s] Invoking command in '/home/jaeho/sw_projects/my_ros2_ws/src/turtlebot4_factory_inspection/build/turtlebot4_factory_inspection': CMAKE_PREFIX_PATH=/opt/ros/humble /usr/bin/cmake --build /home/jaeho/sw_projects/my_ros2_ws/src/turtlebot4_factory_inspection/build/turtlebot4_factory_inspection -- -j8 -l8
[0.051s] [  7%] [32mBuilding CXX object CMakeFiles/bt_runner.dir/src/utils/load_waypoints.cpp.o[0m
[2.367s] [ 14%] [32m[1mLinking CXX executable bt_runner[0m
[2.599s] [100%] Built target bt_runner
[2.609s] Invoked command in '/home/jaeho/sw_projects/my_ros2_ws/src/turtlebot4_factory_inspection/build/turtlebot4_factory_inspection' returned '0': CMAKE_PREFIX_PATH=/opt/ros/humble /usr/bin/cmake --build /home/jaeho/sw_projects/my_ros2_ws/src/turtlebot4_factory_inspection/build/turtlebot4_factory_inspection -- -j8 -l8
[2.616s] Invoking command in '/home/jaeho/sw_projects/my_ros2_ws/src/turtlebot4_factory_inspection/build/turtlebot4_factory_inspection': CMAKE_PREFIX_PATH=/opt/ros/humble /usr/bin/cmake --install /home/jaeho/sw_projects/my_ros2_ws/src/turtlebot4_factory_inspection/build/turtlebot4_factory_inspection
[2.620s] -- Install configuration: ""
[2.621s] -- Installing: /home/jaeho/sw_projects/my_ros2_ws/src/turtlebot4_factory_inspection/install/turtlebot4_factory_inspection/lib/turtlebot4_factory_inspection/bt_runner
[2.621s] -- Set runtime path of "/home/jaeho/sw_projects/my_ros2_ws/src/turtlebot4_factory_inspection/install/turtlebot4_factory_inspection/lib/turtlebot4_factory_inspection/bt_runner" to ""
[2.622s] -- Installing: /home/jaeho/sw_projects/my_ros2_ws/src/turtlebot4_factory_inspection/install/turtlebot4_factory_inspection/include/
[2.622s] -- Installing: /home/jaeho/sw_projects/my_ros2_ws/src/turtlebot4_factory_inspection/install/turtlebot4_factory_inspection/include//turtlebot4_factory_inspection
[2.622s] -- Installing: /home/jaeho/sw_projects/my_ros2_ws/src/turtlebot4_factory_inspection/install/turtlebot4_factory_inspection/include//turtlebot4_factory_inspection/bt_nodes
[2.622s] -- Installing: /home/jaeho/sw_projects/my_ros2_ws/src/turtlebot4_factory_inspection/install/turtlebot4_factory_inspection/include//turtlebot4_factory_inspection/bt_nodes/CheckIfSetupDone.hpp
[2.622s] -- Installing: /home/jaeho/sw_projects/my_ros2_ws/src/turtlebot4_factory_inspection/install/turtlebot4_factory_inspection/include//turtlebot4_factory_inspection/bt_nodes/InitialSetup.hpp
[2.622s] -- Installing: /home/jaeho/sw_projects/my_ros2_ws/src/turtlebot4_factory_inspection/install/turtlebot4_factory_inspection/include//turtlebot4_factory_inspection/bt_nodes/SetAngle.hpp
[2.622s] -- Installing: /home/jaeho/sw_projects/my_ros2_ws/src/turtlebot4_factory_inspection/install/turtlebot4_factory_inspection/include//turtlebot4_factory_inspection/bt_nodes/TakePhoto.hpp
[2.622s] -- Installing: /home/jaeho/sw_projects/my_ros2_ws/src/turtlebot4_factory_inspection/install/turtlebot4_factory_inspection/include//turtlebot4_factory_inspection/bt_nodes/IsArrivedAtTarget.hpp
[2.622s] -- Installing: /home/jaeho/sw_projects/my_ros2_ws/src/turtlebot4_factory_inspection/install/turtlebot4_factory_inspection/include//turtlebot4_factory_inspection/bt_nodes/IsNomoreTask.hpp
[2.622s] -- Installing: /home/jaeho/sw_projects/my_ros2_ws/src/turtlebot4_factory_inspection/install/turtlebot4_factory_inspection/include//turtlebot4_factory_inspection/bt_nodes/SkipTarget.hpp
[2.622s] -- Installing: /home/jaeho/sw_projects/my_ros2_ws/src/turtlebot4_factory_inspection/install/turtlebot4_factory_inspection/include//turtlebot4_factory_inspection/bt_nodes/ReturnToBase.hpp
[2.622s] -- Installing: /home/jaeho/sw_projects/my_ros2_ws/src/turtlebot4_factory_inspection/install/turtlebot4_factory_inspection/include//turtlebot4_factory_inspection/bt_nodes/MoveToTarget.hpp
[2.622s] -- Installing: /home/jaeho/sw_projects/my_ros2_ws/src/turtlebot4_factory_inspection/install/turtlebot4_factory_inspection/include//turtlebot4_factory_inspection/bt_nodes/AdvanceIndex.hpp
[2.622s] -- Installing: /home/jaeho/sw_projects/my_ros2_ws/src/turtlebot4_factory_inspection/install/turtlebot4_factory_inspection/include//turtlebot4_factory_inspection/bt_nodes/IsArrivedAtBase.hpp
[2.622s] -- Installing: /home/jaeho/sw_projects/my_ros2_ws/src/turtlebot4_factory_inspection/install/turtlebot4_factory_inspection/include//turtlebot4_factory_inspection/utils
[2.622s] -- Installing: /home/jaeho/sw_projects/my_ros2_ws/src/turtlebot4_factory_inspection/install/turtlebot4_factory_inspection/include//turtlebot4_factory_inspection/utils/load_waypoints.hpp
[2.622s] -- Installing: /home/jaeho/sw_projects/my_ros2_ws/src/turtlebot4_factory_inspection/install/turtlebot4_factory_inspection/share/turtlebot4_factory_inspection/trees
[2.622s] -- Installing: /home/jaeho/sw_projects/my_ros2_ws/src/turtlebot4_factory_inspection/install/turtlebot4_factory_inspection/share/turtlebot4_factory_inspection/trees/main_tree.xml
[2.622s] -- Installing: /home/jaeho/sw_projects/my_ros2_ws/src/turtlebot4_factory_inspection/install/turtlebot4_factory_inspection/share/turtlebot4_factory_inspection/trees/test_tree.xml
[2.623s] -- Installing: /home/jaeho/sw_projects/my_ros2_ws/src/turtlebot4_factory_inspection/install/turtlebot4_factory_inspection/share/ament_index/resource_index/package_run_dependencies/turtlebot4_factory_inspection
[2.623s] -- Installing: /home/jaeho/sw_projects/my_ros2_ws/src/turtlebot4_factory_inspection/install/turtlebot4_factory_inspection/share/ament_index/resource_index/parent_prefix_path/turtlebot4_factory_inspection
[2.623s] -- Installing: /home/jaeho/sw_projects/my_ros2_ws/src/turtlebot4_factory_inspection/install/turtlebot4_factory_inspection/share/turtlebot4_factory_inspection/environment/ament_prefix_path.sh
[2.623s] -- Installing: /home/jaeho/sw_projects/my_ros2_ws/src/turtlebot4_factory_inspection/install/turtlebot4_factory_inspection/share/turtlebot4_factory_inspection/environment/ament_prefix_path.dsv
[2.623s] -- Installing: /home/jaeho/sw_projects/my_ros2_ws/src/turtlebot4_factory_inspection/install/turtlebot4_factory_inspection/share/turtlebot4_factory_inspection/environment/path.sh
[2.623s] -- Installing: /home/jaeho/sw_projects/my_ros2_ws/src/turtlebot4_factory_inspection/install/turtlebot4_factory_inspection/share/turtlebot4_factory_inspection/environment/path.dsv
[2.623s] -- Installing: /home/jaeho/sw_projects/my_ros2_ws/src/turtlebot4_factory_inspection/install/turtlebot4_factory_inspection/share/turtlebot4_factory_inspection/local_setup.bash
[2.623s] -- Installing: /home/jaeho/sw_projects/my_ros2_ws/src/turtlebot4_factory_inspection/install/turtlebot4_factory_inspection/share/turtlebot4_factory_inspection/local_setup.sh
[2.623s] -- Installing: /home/jaeho/sw_projects/my_ros2_ws/src/turtlebot4_factory_inspection/install/turtlebot4_factory_inspection/share/turtlebot4_factory_inspection/local_setup.zsh
[2.623s] -- Installing: /home/jaeho/sw_projects/my_ros2_ws/src/turtlebot4_factory_inspection/install/turtlebot4_factory_inspection/share/turtlebot4_factory_inspection/local_setup.dsv
[2.623s] -- Up-to-date: /home/jaeho/sw_projects/my_ros2_ws/src/turtlebot4_factory_inspection/install/turtlebot4_factory_inspection/share/turtlebot4_factory_inspection/package.dsv
[2.623s] -- Installing: /home/jaeho/sw_projects/my_ros2_ws/src/turtlebot4_factory_inspection/install/turtlebot4_factory_inspection/share/ament_index/resource_index/packages/turtlebot4_factory_inspection
[2.623s] -- Installing: /home/jaeho/sw_projects/my_ros2_ws/src/turtlebot4_factory_inspection/install/turtlebot4_factory_inspection/share/turtlebot4_factory_inspection/cmake/turtlebot4_factory_inspectionConfig.cmake
[2.623s] -- Installing: /home/jaeho/sw_projects/my_ros2_ws/src/turtlebot4_factory_inspection/install/turtlebot4_factory_inspection/share/turtlebot4_factory_inspection/cmake/turtlebot4_factory_inspectionConfig-version.cmake
[2.624s] -- Installing: /home/jaeho/sw_projects/my_ros2_ws/src/turtlebot4_factory_inspection/install/turtlebot4_factory_inspection/share/turtlebot4_factory_inspection/package.xml
[2.625s] Invoked command in '/home/jaeho/sw_projects/my_ros2_ws/src/turtlebot4_factory_inspection/build/turtlebot4_factory_inspection' returned '0': CMAKE_PREFIX_PATH=/opt/ros/humble /usr/bin/cmake --install /home/jaeho/sw_projects/my_ros2_ws/src/turtlebot4_factory_inspection/build/turtlebot4_factory_inspection
