[0.010s] Invoking command in '/home/jaeho/sw_projects/my_ros2_ws/src/turtlebot4_factory_inspection/build/turtlebot4_factory_inspection': CMAKE_PREFIX_PATH=${CMAKE_PREFIX_PATH}:/opt/ros/humble /usr/bin/cmake --build /home/jaeho/sw_projects/my_ros2_ws/src/turtlebot4_factory_inspection/build/turtlebot4_factory_inspection -- -j8 -l8
[0.048s] [35m[1mConsolidate compiler generated dependencies of target bt_runner[0m
[0.083s] [  7%] [32mBuilding CXX object CMakeFiles/bt_runner.dir/bt_nodes/MoveToTarget.cpp.o[0m
[2.647s] In file included from [01m[K/opt/ros/humble/include/rclcpp/rclcpp/logging.hpp:24[m[K,
[2.647s]                  from [01m[K/opt/ros/humble/include/rclcpp/rclcpp/client.hpp:40[m[K,
[2.647s]                  from [01m[K/opt/ros/humble/include/rclcpp/rclcpp/callback_group.hpp:24[m[K,
[2.647s]                  from [01m[K/opt/ros/humble/include/rclcpp/rclcpp/any_executable.hpp:20[m[K,
[2.647s]                  from [01m[K/opt/ros/humble/include/rclcpp/rclcpp/memory_strategy.hpp:25[m[K,
[2.648s]                  from [01m[K/opt/ros/humble/include/rclcpp/rclcpp/memory_strategies.hpp:18[m[K,
[2.648s]                  from [01m[K/opt/ros/humble/include/rclcpp/rclcpp/executor_options.hpp:20[m[K,
[2.648s]                  from [01m[K/opt/ros/humble/include/rclcpp/rclcpp/executor.hpp:37[m[K,
[2.648s]                  from [01m[K/opt/ros/humble/include/rclcpp/rclcpp/executors/multi_threaded_executor.hpp:25[m[K,
[2.648s]                  from [01m[K/opt/ros/humble/include/rclcpp/rclcpp/executors.hpp:21[m[K,
[2.648s]                  from [01m[K/opt/ros/humble/include/rclcpp/rclcpp/rclcpp.hpp:155[m[K,
[2.648s]                  from [01m[K/home/jaeho/sw_projects/my_ros2_ws/src/turtlebot4_factory_inspection/include/turtlebot4_factory_inspection/bt_nodes/MoveToTarget.hpp:10[m[K,
[2.648s]                  from [01m[K/home/jaeho/sw_projects/my_ros2_ws/src/turtlebot4_factory_inspection/bt_nodes/MoveToTarget.cpp:1[m[K:
[2.648s] [01m[K/home/jaeho/sw_projects/my_ros2_ws/src/turtlebot4_factory_inspection/bt_nodes/MoveToTarget.cpp:[m[K In member function ‘[01m[Kvirtual BT::NodeStatus turtlebot4_factory_inspection::bt_nodes::MoveToTarget::tick()[m[K’:
[2.648s] [01m[K/home/jaeho/sw_projects/my_ros2_ws/src/turtlebot4_factory_inspection/bt_nodes/MoveToTarget.cpp:144:40:[m[K [01;35m[Kwarning: [m[Kformat ‘[01m[K%d[m[K’ expects argument of type ‘[01m[Kint[m[K’, but argument 6 has type ‘[01m[Krclcpp_action::ResultCode[m[K’ [[01;35m[K]8;;https://gcc.gnu.org/onlinedocs/gcc/Warning-Options.html#index-Wformat=-Wformat=]8;;[m[K]
[2.648s]   144 |       RCLCPP_WARN(node_->get_logger(), [01;35m[K"[MoveToTarget] ❌ 실패 (시도 %d), 코드: %d"[m[K, attempt, [32m[Kresult.code[m[K);
[2.648s]       |                                        [01;35m[K^~~~~~~~~~~~~~~~~~~~~~~~~~~~~~~~~~~~~~~~~~~~[m[K           [32m[K~~~~~~~~~~~[m[K
[2.648s]       |                                                                                                      [32m[K|[m[K
[2.648s]       |                                                                                                      [32m[Krclcpp_action::ResultCode[m[K
[2.648s] [01m[K/home/jaeho/sw_projects/my_ros2_ws/src/turtlebot4_factory_inspection/bt_nodes/MoveToTarget.cpp:144:82:[m[K [01;36m[Knote: [m[Kformat string is defined here
[2.648s]   144 | e_->get_logger(), "[MoveToTarget] ❌ 실패 (시도 %d), 코드: [01;36m[K%d[m[K", attempt, result.code);
[2.648s]       |                                                            [01;36m[K~^[m[K
[2.649s]       |                                                             [01;36m[K|[m[K
[2.649s]       |                                                             [01;36m[Kint[m[K
[2.649s] 
[5.182s] [ 14%] [32m[1mLinking CXX executable bt_runner[0m
[6.359s] [100%] Built target bt_runner
[6.368s] Invoked command in '/home/jaeho/sw_projects/my_ros2_ws/src/turtlebot4_factory_inspection/build/turtlebot4_factory_inspection' returned '0': CMAKE_PREFIX_PATH=${CMAKE_PREFIX_PATH}:/opt/ros/humble /usr/bin/cmake --build /home/jaeho/sw_projects/my_ros2_ws/src/turtlebot4_factory_inspection/build/turtlebot4_factory_inspection -- -j8 -l8
[6.376s] Invoking command in '/home/jaeho/sw_projects/my_ros2_ws/src/turtlebot4_factory_inspection/build/turtlebot4_factory_inspection': CMAKE_PREFIX_PATH=${CMAKE_PREFIX_PATH}:/opt/ros/humble /usr/bin/cmake --install /home/jaeho/sw_projects/my_ros2_ws/src/turtlebot4_factory_inspection/build/turtlebot4_factory_inspection
[6.381s] -- Install configuration: ""
[6.382s] -- Installing: /home/jaeho/sw_projects/my_ros2_ws/src/turtlebot4_factory_inspection/install/turtlebot4_factory_inspection/lib/turtlebot4_factory_inspection/bt_runner
[6.385s] -- Set runtime path of "/home/jaeho/sw_projects/my_ros2_ws/src/turtlebot4_factory_inspection/install/turtlebot4_factory_inspection/lib/turtlebot4_factory_inspection/bt_runner" to ""
[6.385s] -- Up-to-date: /home/jaeho/sw_projects/my_ros2_ws/src/turtlebot4_factory_inspection/install/turtlebot4_factory_inspection/include/
[6.385s] -- Up-to-date: /home/jaeho/sw_projects/my_ros2_ws/src/turtlebot4_factory_inspection/install/turtlebot4_factory_inspection/include//turtlebot4_factory_inspection
[6.385s] -- Up-to-date: /home/jaeho/sw_projects/my_ros2_ws/src/turtlebot4_factory_inspection/install/turtlebot4_factory_inspection/include//turtlebot4_factory_inspection/bt_nodes
[6.385s] -- Up-to-date: /home/jaeho/sw_projects/my_ros2_ws/src/turtlebot4_factory_inspection/install/turtlebot4_factory_inspection/include//turtlebot4_factory_inspection/bt_nodes/CheckIfSetupDone.hpp
[6.385s] -- Up-to-date: /home/jaeho/sw_projects/my_ros2_ws/src/turtlebot4_factory_inspection/install/turtlebot4_factory_inspection/include//turtlebot4_factory_inspection/bt_nodes/InitialSetup.hpp
[6.385s] -- Up-to-date: /home/jaeho/sw_projects/my_ros2_ws/src/turtlebot4_factory_inspection/install/turtlebot4_factory_inspection/include//turtlebot4_factory_inspection/bt_nodes/SetAngle.hpp
[6.385s] -- Up-to-date: /home/jaeho/sw_projects/my_ros2_ws/src/turtlebot4_factory_inspection/install/turtlebot4_factory_inspection/include//turtlebot4_factory_inspection/bt_nodes/TakePhoto.hpp
[6.385s] -- Up-to-date: /home/jaeho/sw_projects/my_ros2_ws/src/turtlebot4_factory_inspection/install/turtlebot4_factory_inspection/include//turtlebot4_factory_inspection/bt_nodes/IsArrivedAtTarget.hpp
[6.385s] -- Up-to-date: /home/jaeho/sw_projects/my_ros2_ws/src/turtlebot4_factory_inspection/install/turtlebot4_factory_inspection/include//turtlebot4_factory_inspection/bt_nodes/IsNomoreTask.hpp
[6.386s] -- Up-to-date: /home/jaeho/sw_projects/my_ros2_ws/src/turtlebot4_factory_inspection/install/turtlebot4_factory_inspection/include//turtlebot4_factory_inspection/bt_nodes/SkipTarget.hpp
[6.386s] -- Installing: /home/jaeho/sw_projects/my_ros2_ws/src/turtlebot4_factory_inspection/install/turtlebot4_factory_inspection/include//turtlebot4_factory_inspection/bt_nodes/ReturnToBase.hpp
[6.386s] -- Installing: /home/jaeho/sw_projects/my_ros2_ws/src/turtlebot4_factory_inspection/install/turtlebot4_factory_inspection/include//turtlebot4_factory_inspection/bt_nodes/MoveToTarget.hpp
[6.386s] -- Up-to-date: /home/jaeho/sw_projects/my_ros2_ws/src/turtlebot4_factory_inspection/install/turtlebot4_factory_inspection/include//turtlebot4_factory_inspection/bt_nodes/AdvanceIndex.hpp
[6.386s] -- Installing: /home/jaeho/sw_projects/my_ros2_ws/src/turtlebot4_factory_inspection/install/turtlebot4_factory_inspection/include//turtlebot4_factory_inspection/bt_nodes/IsArrivedAtBase.hpp
[6.386s] -- Up-to-date: /home/jaeho/sw_projects/my_ros2_ws/src/turtlebot4_factory_inspection/install/turtlebot4_factory_inspection/include//turtlebot4_factory_inspection/utils
[6.386s] -- Up-to-date: /home/jaeho/sw_projects/my_ros2_ws/src/turtlebot4_factory_inspection/install/turtlebot4_factory_inspection/include//turtlebot4_factory_inspection/utils/load_waypoints.hpp
[6.386s] -- Up-to-date: /home/jaeho/sw_projects/my_ros2_ws/src/turtlebot4_factory_inspection/install/turtlebot4_factory_inspection/share/turtlebot4_factory_inspection/trees
[6.386s] -- Installing: /home/jaeho/sw_projects/my_ros2_ws/src/turtlebot4_factory_inspection/install/turtlebot4_factory_inspection/share/turtlebot4_factory_inspection/trees/main_tree.xml
[6.386s] -- Up-to-date: /home/jaeho/sw_projects/my_ros2_ws/src/turtlebot4_factory_inspection/install/turtlebot4_factory_inspection/share/turtlebot4_factory_inspection/trees/test_tree.xml
[6.386s] -- Installing: /home/jaeho/sw_projects/my_ros2_ws/src/turtlebot4_factory_inspection/install/turtlebot4_factory_inspection/share/turtlebot4_factory_inspection/trees/main_tree copy.xml
[6.386s] -- Installing: /home/jaeho/sw_projects/my_ros2_ws/src/turtlebot4_factory_inspection/install/turtlebot4_factory_inspection/share/turtlebot4_factory_inspection/data
[6.387s] -- Installing: /home/jaeho/sw_projects/my_ros2_ws/src/turtlebot4_factory_inspection/install/turtlebot4_factory_inspection/share/turtlebot4_factory_inspection/data/base_location.yaml
[6.387s] -- Installing: /home/jaeho/sw_projects/my_ros2_ws/src/turtlebot4_factory_inspection/install/turtlebot4_factory_inspection/share/turtlebot4_factory_inspection/data/waypoints.yaml
[6.387s] -- Up-to-date: /home/jaeho/sw_projects/my_ros2_ws/src/turtlebot4_factory_inspection/install/turtlebot4_factory_inspection/share/ament_index/resource_index/package_run_dependencies/turtlebot4_factory_inspection
[6.387s] -- Installing: /home/jaeho/sw_projects/my_ros2_ws/src/turtlebot4_factory_inspection/install/turtlebot4_factory_inspection/share/ament_index/resource_index/parent_prefix_path/turtlebot4_factory_inspection
[6.387s] -- Up-to-date: /home/jaeho/sw_projects/my_ros2_ws/src/turtlebot4_factory_inspection/install/turtlebot4_factory_inspection/share/turtlebot4_factory_inspection/environment/ament_prefix_path.sh
[6.387s] -- Installing: /home/jaeho/sw_projects/my_ros2_ws/src/turtlebot4_factory_inspection/install/turtlebot4_factory_inspection/share/turtlebot4_factory_inspection/environment/ament_prefix_path.dsv
[6.387s] -- Up-to-date: /home/jaeho/sw_projects/my_ros2_ws/src/turtlebot4_factory_inspection/install/turtlebot4_factory_inspection/share/turtlebot4_factory_inspection/environment/path.sh
[6.387s] -- Installing: /home/jaeho/sw_projects/my_ros2_ws/src/turtlebot4_factory_inspection/install/turtlebot4_factory_inspection/share/turtlebot4_factory_inspection/environment/path.dsv
[6.387s] -- Up-to-date: /home/jaeho/sw_projects/my_ros2_ws/src/turtlebot4_factory_inspection/install/turtlebot4_factory_inspection/share/turtlebot4_factory_inspection/local_setup.bash
[6.387s] -- Up-to-date: /home/jaeho/sw_projects/my_ros2_ws/src/turtlebot4_factory_inspection/install/turtlebot4_factory_inspection/share/turtlebot4_factory_inspection/local_setup.sh
[6.387s] -- Up-to-date: /home/jaeho/sw_projects/my_ros2_ws/src/turtlebot4_factory_inspection/install/turtlebot4_factory_inspection/share/turtlebot4_factory_inspection/local_setup.zsh
[6.387s] -- Installing: /home/jaeho/sw_projects/my_ros2_ws/src/turtlebot4_factory_inspection/install/turtlebot4_factory_inspection/share/turtlebot4_factory_inspection/local_setup.dsv
[6.387s] -- Installing: /home/jaeho/sw_projects/my_ros2_ws/src/turtlebot4_factory_inspection/install/turtlebot4_factory_inspection/share/turtlebot4_factory_inspection/package.dsv
[6.387s] -- Up-to-date: /home/jaeho/sw_projects/my_ros2_ws/src/turtlebot4_factory_inspection/install/turtlebot4_factory_inspection/share/ament_index/resource_index/packages/turtlebot4_factory_inspection
[6.388s] -- Installing: /home/jaeho/sw_projects/my_ros2_ws/src/turtlebot4_factory_inspection/install/turtlebot4_factory_inspection/share/turtlebot4_factory_inspection/cmake/ament_cmake_export_dependencies-extras.cmake
[6.388s] -- Installing: /home/jaeho/sw_projects/my_ros2_ws/src/turtlebot4_factory_inspection/install/turtlebot4_factory_inspection/share/turtlebot4_factory_inspection/cmake/turtlebot4_factory_inspectionConfig.cmake
[6.388s] -- Up-to-date: /home/jaeho/sw_projects/my_ros2_ws/src/turtlebot4_factory_inspection/install/turtlebot4_factory_inspection/share/turtlebot4_factory_inspection/cmake/turtlebot4_factory_inspectionConfig-version.cmake
[6.388s] -- Up-to-date: /home/jaeho/sw_projects/my_ros2_ws/src/turtlebot4_factory_inspection/install/turtlebot4_factory_inspection/share/turtlebot4_factory_inspection/package.xml
[6.390s] Invoked command in '/home/jaeho/sw_projects/my_ros2_ws/src/turtlebot4_factory_inspection/build/turtlebot4_factory_inspection' returned '0': CMAKE_PREFIX_PATH=${CMAKE_PREFIX_PATH}:/opt/ros/humble /usr/bin/cmake --install /home/jaeho/sw_projects/my_ros2_ws/src/turtlebot4_factory_inspection/build/turtlebot4_factory_inspection
