-- The C compiler identification is GNU 11.4.0
-- The CXX compiler identification is GNU 11.4.0
-- Detecting C compiler ABI info
-- Detecting C compiler ABI info - done
-- Check for working C compiler: /usr/bin/cc - skipped
-- Detecting C compile features
-- Detecting C compile features - done
-- Detecting CXX compiler ABI info
-- Detecting CXX compiler ABI info - done
-- Check for working CXX compiler: /usr/bin/c++ - skipped
-- Detecting CXX compile features
-- Detecting CXX compile features - done
-- Found ament_cmake: 1.3.11 (/opt/ros/humble/share/ament_cmake/cmake)
-- Found Python3: /usr/bin/python3 (found version "3.10.12") found components: Interpreter 
-- Found rclcpp: 16.0.12 (/opt/ros/humble/share/rclcpp/cmake)
-- Found rosidl_generator_c: 3.1.6 (/opt/ros/humble/share/rosidl_generator_c/cmake)
-- Found rosidl_adapter: 3.1.6 (/opt/ros/humble/share/rosidl_adapter/cmake)
-- Found rosidl_generator_cpp: 3.1.6 (/opt/ros/humble/share/rosidl_generator_cpp/cmake)
-- Using all available rosidl_typesupport_c: rosidl_typesupport_fastrtps_c;rosidl_typesupport_introspection_c
-- Using all available rosidl_typesupport_cpp: rosidl_typesupport_fastrtps_cpp;rosidl_typesupport_introspection_cpp
-- Found rmw_implementation_cmake: 6.1.2 (/opt/ros/humble/share/rmw_implementation_cmake/cmake)
-- Found rmw_fastrtps_cpp: 6.2.7 (/opt/ros/humble/share/rmw_fastrtps_cpp/cmake)
-- Found OpenSSL: /usr/lib/x86_64-linux-gnu/libcrypto.so (found version "3.0.2")  
-- Found FastRTPS: /opt/ros/humble/include  
-- Using RMW implementation 'rmw_fastrtps_cpp' as default
-- Looking for pthread.h
-- Looking for pthread.h - found
-- Performing Test CMAKE_HAVE_LIBC_PTHREAD
-- Performing Test CMAKE_HAVE_LIBC_PTHREAD - Success
-- Found Threads: TRUE  
-- Found rclcpp_action: 16.0.12 (/opt/ros/humble/share/rclcpp_action/cmake)
-- Found nav2_msgs: 1.1.18 (/opt/ros/humble/share/nav2_msgs/cmake)
-- Configuring done
-- Generating done
-- Build files have been written to: /home/jaeho/sw_projects/my_ros2_ws/src/turtlebot4_factory_inspection/build/turtlebot4_factory_inspection
[ 75%] [32mBuilding CXX object CMakeFiles/bt_runner.dir/bt_nodes/IsArrivedAtTarget.cpp.o[0m
[ 75%] [32mBuilding CXX object CMakeFiles/bt_runner.dir/bt_nodes/MoveToTarget.cpp.o[0m
[ 75%] [32mBuilding CXX object CMakeFiles/bt_runner.dir/src/bt_runner.cpp.o[0m
[100%] [32m[1mLinking CXX executable bt_runner[0m
[100%] Built target bt_runner
-- Install configuration: ""
-- Installing: /home/jaeho/sw_projects/my_ros2_ws/src/turtlebot4_factory_inspection/install/turtlebot4_factory_inspection/lib/turtlebot4_factory_inspection/bt_runner
-- Set runtime path of "/home/jaeho/sw_projects/my_ros2_ws/src/turtlebot4_factory_inspection/install/turtlebot4_factory_inspection/lib/turtlebot4_factory_inspection/bt_runner" to ""
-- Installing: /home/jaeho/sw_projects/my_ros2_ws/src/turtlebot4_factory_inspection/install/turtlebot4_factory_inspection/include/
-- Installing: /home/jaeho/sw_projects/my_ros2_ws/src/turtlebot4_factory_inspection/install/turtlebot4_factory_inspection/include//turtlebot4_factory_inspection
-- Installing: /home/jaeho/sw_projects/my_ros2_ws/src/turtlebot4_factory_inspection/install/turtlebot4_factory_inspection/include//turtlebot4_factory_inspection/IsArrivedAtTarget.hpp
-- Installing: /home/jaeho/sw_projects/my_ros2_ws/src/turtlebot4_factory_inspection/install/turtlebot4_factory_inspection/include//turtlebot4_factory_inspection/MoveToTarget.hpp
-- Installing: /home/jaeho/sw_projects/my_ros2_ws/src/turtlebot4_factory_inspection/install/turtlebot4_factory_inspection/share/turtlebot4_factory_inspection/trees
-- Installing: /home/jaeho/sw_projects/my_ros2_ws/src/turtlebot4_factory_inspection/install/turtlebot4_factory_inspection/share/turtlebot4_factory_inspection/trees/main_tree.xml
-- Installing: /home/jaeho/sw_projects/my_ros2_ws/src/turtlebot4_factory_inspection/install/turtlebot4_factory_inspection/share/turtlebot4_factory_inspection/trees/test_tree.xml
-- Installing: /home/jaeho/sw_projects/my_ros2_ws/src/turtlebot4_factory_inspection/install/turtlebot4_factory_inspection/share/ament_index/resource_index/package_run_dependencies/turtlebot4_factory_inspection
-- Installing: /home/jaeho/sw_projects/my_ros2_ws/src/turtlebot4_factory_inspection/install/turtlebot4_factory_inspection/share/ament_index/resource_index/parent_prefix_path/turtlebot4_factory_inspection
-- Installing: /home/jaeho/sw_projects/my_ros2_ws/src/turtlebot4_factory_inspection/install/turtlebot4_factory_inspection/share/turtlebot4_factory_inspection/environment/ament_prefix_path.sh
-- Installing: /home/jaeho/sw_projects/my_ros2_ws/src/turtlebot4_factory_inspection/install/turtlebot4_factory_inspection/share/turtlebot4_factory_inspection/environment/ament_prefix_path.dsv
-- Installing: /home/jaeho/sw_projects/my_ros2_ws/src/turtlebot4_factory_inspection/install/turtlebot4_factory_inspection/share/turtlebot4_factory_inspection/environment/path.sh
-- Installing: /home/jaeho/sw_projects/my_ros2_ws/src/turtlebot4_factory_inspection/install/turtlebot4_factory_inspection/share/turtlebot4_factory_inspection/environment/path.dsv
-- Installing: /home/jaeho/sw_projects/my_ros2_ws/src/turtlebot4_factory_inspection/install/turtlebot4_factory_inspection/share/turtlebot4_factory_inspection/local_setup.bash
-- Installing: /home/jaeho/sw_projects/my_ros2_ws/src/turtlebot4_factory_inspection/install/turtlebot4_factory_inspection/share/turtlebot4_factory_inspection/local_setup.sh
-- Installing: /home/jaeho/sw_projects/my_ros2_ws/src/turtlebot4_factory_inspection/install/turtlebot4_factory_inspection/share/turtlebot4_factory_inspection/local_setup.zsh
-- Installing: /home/jaeho/sw_projects/my_ros2_ws/src/turtlebot4_factory_inspection/install/turtlebot4_factory_inspection/share/turtlebot4_factory_inspection/local_setup.dsv
-- Installing: /home/jaeho/sw_projects/my_ros2_ws/src/turtlebot4_factory_inspection/install/turtlebot4_factory_inspection/share/turtlebot4_factory_inspection/package.dsv
-- Installing: /home/jaeho/sw_projects/my_ros2_ws/src/turtlebot4_factory_inspection/install/turtlebot4_factory_inspection/share/ament_index/resource_index/packages/turtlebot4_factory_inspection
-- Installing: /home/jaeho/sw_projects/my_ros2_ws/src/turtlebot4_factory_inspection/install/turtlebot4_factory_inspection/share/turtlebot4_factory_inspection/cmake/turtlebot4_factory_inspectionConfig.cmake
-- Installing: /home/jaeho/sw_projects/my_ros2_ws/src/turtlebot4_factory_inspection/install/turtlebot4_factory_inspection/share/turtlebot4_factory_inspection/cmake/turtlebot4_factory_inspectionConfig-version.cmake
-- Installing: /home/jaeho/sw_projects/my_ros2_ws/src/turtlebot4_factory_inspection/install/turtlebot4_factory_inspection/share/turtlebot4_factory_inspection/package.xml
